[1.335s] DEBUG:colcon:Command line arguments: ['/usr/bin/colcon', 'list', '-p', '--base-paths', '/home/kaibuchisoma/minirobo2023_2']
[1.335s] DEBUG:colcon:Parsed command line arguments: Namespace(log_base=None, log_level=None, verb_name='list', build_base='build', ignore_user_meta=False, metas=['./colcon.meta'], base_paths=['/home/kaibuchisoma/minirobo2023_2'], packages_ignore=None, packages_ignore_regex=None, paths=None, packages_up_to=None, packages_up_to_regex=None, packages_above=None, packages_above_and_dependencies=None, packages_above_depth=None, packages_select_by_dep=None, packages_skip_by_dep=None, packages_skip_up_to=None, packages_select_build_failed=False, packages_skip_build_finished=False, packages_select_test_failures=False, packages_skip_test_passed=False, packages_select=None, packages_skip=None, packages_select_regex=None, packages_skip_regex=None, packages_start=None, packages_end=None, allow_overriding=[], topological_order=False, names_only=False, paths_only=True, topological_graph=False, topological_graph_dot=False, topological_graph_density=False, topological_graph_legend=False, topological_graph_dot_cluster=False, topological_graph_dot_include_skipped=False, verb_parser=<colcon_defaults.argument_parser.defaults.DefaultArgumentsDecorator object at 0x7fdcd8805bd0>, verb_extension=<colcon_package_information.verb.list.ListVerb object at 0x7fdcd8df3a00>, main=<bound method ListVerb.main of <colcon_package_information.verb.list.ListVerb object at 0x7fdcd8df3a00>>)
[1.390s] Level 1:colcon.colcon_core.package_discovery:discover_packages(colcon_meta) check parameters
[1.390s] Level 1:colcon.colcon_core.package_discovery:discover_packages(recursive) check parameters
[1.390s] Level 1:colcon.colcon_core.package_discovery:discover_packages(ignore) check parameters
[1.391s] Level 1:colcon.colcon_core.package_discovery:discover_packages(path) check parameters
[1.391s] Level 1:colcon.colcon_core.package_discovery:discover_packages(recursive) discover
[1.391s] INFO:colcon.colcon_core.package_discovery:Crawling recursively for packages in '/home/kaibuchisoma/minirobo2023_2'
[1.391s] Level 1:colcon.colcon_core.package_identification:_identify(/home/kaibuchisoma/minirobo2023_2) by extensions ['ignore', 'ignore_ament_install']
[1.391s] Level 1:colcon.colcon_core.package_identification:_identify(/home/kaibuchisoma/minirobo2023_2) by extension 'ignore'
[1.391s] Level 1:colcon.colcon_core.package_identification:_identify(/home/kaibuchisoma/minirobo2023_2) by extension 'ignore_ament_install'
[1.391s] Level 1:colcon.colcon_core.package_identification:_identify(/home/kaibuchisoma/minirobo2023_2) by extensions ['colcon_pkg']
[1.391s] Level 1:colcon.colcon_core.package_identification:_identify(/home/kaibuchisoma/minirobo2023_2) by extension 'colcon_pkg'
[1.391s] Level 1:colcon.colcon_core.package_identification:_identify(/home/kaibuchisoma/minirobo2023_2) by extensions ['colcon_meta']
[1.391s] Level 1:colcon.colcon_core.package_identification:_identify(/home/kaibuchisoma/minirobo2023_2) by extension 'colcon_meta'
[1.391s] Level 1:colcon.colcon_core.package_identification:_identify(/home/kaibuchisoma/minirobo2023_2) by extensions ['ros']
[1.391s] Level 1:colcon.colcon_core.package_identification:_identify(/home/kaibuchisoma/minirobo2023_2) by extension 'ros'
[1.405s] Level 1:colcon.colcon_core.package_identification:_identify(/home/kaibuchisoma/minirobo2023_2) by extensions ['cmake', 'python']
[1.406s] Level 1:colcon.colcon_core.package_identification:_identify(/home/kaibuchisoma/minirobo2023_2) by extension 'cmake'
[1.406s] Level 1:colcon.colcon_core.package_identification:_identify(/home/kaibuchisoma/minirobo2023_2) by extension 'python'
[1.406s] Level 1:colcon.colcon_core.package_identification:_identify(/home/kaibuchisoma/minirobo2023_2) by extensions ['python_setup_py']
[1.406s] Level 1:colcon.colcon_core.package_identification:_identify(/home/kaibuchisoma/minirobo2023_2) by extension 'python_setup_py'
[1.406s] Level 1:colcon.colcon_core.package_identification:_identify(/home/kaibuchisoma/minirobo2023_2/build) by extensions ['ignore', 'ignore_ament_install']
[1.406s] Level 1:colcon.colcon_core.package_identification:_identify(/home/kaibuchisoma/minirobo2023_2/build) by extension 'ignore'
[1.406s] Level 1:colcon.colcon_core.package_identification:_identify(/home/kaibuchisoma/minirobo2023_2/build) ignored
[1.406s] Level 1:colcon.colcon_core.package_identification:_identify(/home/kaibuchisoma/minirobo2023_2/install) by extensions ['ignore', 'ignore_ament_install']
[1.406s] Level 1:colcon.colcon_core.package_identification:_identify(/home/kaibuchisoma/minirobo2023_2/install) by extension 'ignore'
[1.407s] Level 1:colcon.colcon_core.package_identification:_identify(/home/kaibuchisoma/minirobo2023_2/install) ignored
[1.407s] Level 1:colcon.colcon_core.package_identification:_identify(/home/kaibuchisoma/minirobo2023_2/log) by extensions ['ignore', 'ignore_ament_install']
[1.407s] Level 1:colcon.colcon_core.package_identification:_identify(/home/kaibuchisoma/minirobo2023_2/log) by extension 'ignore'
[1.407s] Level 1:colcon.colcon_core.package_identification:_identify(/home/kaibuchisoma/minirobo2023_2/log) ignored
[1.407s] Level 1:colcon.colcon_core.package_identification:_identify(/home/kaibuchisoma/minirobo2023_2/src) by extensions ['ignore', 'ignore_ament_install']
[1.407s] Level 1:colcon.colcon_core.package_identification:_identify(/home/kaibuchisoma/minirobo2023_2/src) by extension 'ignore'
[1.407s] Level 1:colcon.colcon_core.package_identification:_identify(/home/kaibuchisoma/minirobo2023_2/src) by extension 'ignore_ament_install'
[1.407s] Level 1:colcon.colcon_core.package_identification:_identify(/home/kaibuchisoma/minirobo2023_2/src) by extensions ['colcon_pkg']
[1.407s] Level 1:colcon.colcon_core.package_identification:_identify(/home/kaibuchisoma/minirobo2023_2/src) by extension 'colcon_pkg'
[1.407s] Level 1:colcon.colcon_core.package_identification:_identify(/home/kaibuchisoma/minirobo2023_2/src) by extensions ['colcon_meta']
[1.407s] Level 1:colcon.colcon_core.package_identification:_identify(/home/kaibuchisoma/minirobo2023_2/src) by extension 'colcon_meta'
[1.407s] Level 1:colcon.colcon_core.package_identification:_identify(/home/kaibuchisoma/minirobo2023_2/src) by extensions ['ros']
[1.407s] Level 1:colcon.colcon_core.package_identification:_identify(/home/kaibuchisoma/minirobo2023_2/src) by extension 'ros'
[1.408s] Level 1:colcon.colcon_core.package_identification:_identify(/home/kaibuchisoma/minirobo2023_2/src) by extensions ['cmake', 'python']
[1.408s] Level 1:colcon.colcon_core.package_identification:_identify(/home/kaibuchisoma/minirobo2023_2/src) by extension 'cmake'
[1.408s] Level 1:colcon.colcon_core.package_identification:_identify(/home/kaibuchisoma/minirobo2023_2/src) by extension 'python'
[1.408s] Level 1:colcon.colcon_core.package_identification:_identify(/home/kaibuchisoma/minirobo2023_2/src) by extensions ['python_setup_py']
[1.408s] Level 1:colcon.colcon_core.package_identification:_identify(/home/kaibuchisoma/minirobo2023_2/src) by extension 'python_setup_py'
[1.408s] Level 1:colcon.colcon_core.package_identification:_identify(/home/kaibuchisoma/minirobo2023_2/src/minirobo2023_2_python) by extensions ['ignore', 'ignore_ament_install']
[1.408s] Level 1:colcon.colcon_core.package_identification:_identify(/home/kaibuchisoma/minirobo2023_2/src/minirobo2023_2_python) by extension 'ignore'
[1.408s] Level 1:colcon.colcon_core.package_identification:_identify(/home/kaibuchisoma/minirobo2023_2/src/minirobo2023_2_python) by extension 'ignore_ament_install'
[1.408s] Level 1:colcon.colcon_core.package_identification:_identify(/home/kaibuchisoma/minirobo2023_2/src/minirobo2023_2_python) by extensions ['colcon_pkg']
[1.408s] Level 1:colcon.colcon_core.package_identification:_identify(/home/kaibuchisoma/minirobo2023_2/src/minirobo2023_2_python) by extension 'colcon_pkg'
[1.408s] Level 1:colcon.colcon_core.package_identification:_identify(/home/kaibuchisoma/minirobo2023_2/src/minirobo2023_2_python) by extensions ['colcon_meta']
[1.408s] Level 1:colcon.colcon_core.package_identification:_identify(/home/kaibuchisoma/minirobo2023_2/src/minirobo2023_2_python) by extension 'colcon_meta'
[1.408s] Level 1:colcon.colcon_core.package_identification:_identify(/home/kaibuchisoma/minirobo2023_2/src/minirobo2023_2_python) by extensions ['ros']
[1.408s] Level 1:colcon.colcon_core.package_identification:_identify(/home/kaibuchisoma/minirobo2023_2/src/minirobo2023_2_python) by extension 'ros'
[1.412s] DEBUG:colcon.colcon_core.package_identification:Package '/home/kaibuchisoma/minirobo2023_2/src/minirobo2023_2_python' with type 'ros.ament_python' and name 'minirobo2023_2_python'
[1.412s] Level 1:colcon.colcon_core.package_discovery:discover_packages(recursive) using defaults
