[0.745s] Invoking command in '/home/kaibuchisoma/minirobo2023_2/src/minirobo2023_2_python': PYTHONPATH=/home/kaibuchisoma/minirobo2023_2/build/minirobo2023_2_python/prefix_override:/home/kaibuchisoma/minirobo2023_2/install/minirobo2023_2_python/lib/python3.10/site-packages:${PYTHONPATH} /usr/bin/python3 setup.py egg_info --egg-base ../../build/minirobo2023_2_python build --build-base /home/kaibuchisoma/minirobo2023_2/build/minirobo2023_2_python/build install --record /home/kaibuchisoma/minirobo2023_2/build/minirobo2023_2_python/install.log --single-version-externally-managed
[0.966s] running egg_info
[0.967s] writing ../../build/minirobo2023_2_python/minirobo2023_2_python.egg-info/PKG-INFO
[0.967s] writing dependency_links to ../../build/minirobo2023_2_python/minirobo2023_2_python.egg-info/dependency_links.txt
[0.967s] writing entry points to ../../build/minirobo2023_2_python/minirobo2023_2_python.egg-info/entry_points.txt
[0.967s] writing requirements to ../../build/minirobo2023_2_python/minirobo2023_2_python.egg-info/requires.txt
[0.967s] writing top-level names to ../../build/minirobo2023_2_python/minirobo2023_2_python.egg-info/top_level.txt
[0.969s] reading manifest file '../../build/minirobo2023_2_python/minirobo2023_2_python.egg-info/SOURCES.txt'
[0.969s] writing manifest file '../../build/minirobo2023_2_python/minirobo2023_2_python.egg-info/SOURCES.txt'
[0.969s] running build
[0.969s] running build_py
[0.969s] copying minirobo2023_2_python/communicate_ESP32.py -> /home/kaibuchisoma/minirobo2023_2/build/minirobo2023_2_python/build/lib/minirobo2023_2_python
[0.970s] running install
[0.970s] /usr/lib/python3/dist-packages/setuptools/command/install.py:34: SetuptoolsDeprecationWarning: setup.py install is deprecated. Use build and pip and other standards-based tools.
[0.970s]   warnings.warn(
[0.970s] running install_lib
[0.971s] copying /home/kaibuchisoma/minirobo2023_2/build/minirobo2023_2_python/build/lib/minirobo2023_2_python/communicate_ESP32.py -> /home/kaibuchisoma/minirobo2023_2/install/minirobo2023_2_python/lib/python3.10/site-packages/minirobo2023_2_python
[0.971s] byte-compiling /home/kaibuchisoma/minirobo2023_2/install/minirobo2023_2_python/lib/python3.10/site-packages/minirobo2023_2_python/communicate_ESP32.py to communicate_ESP32.cpython-310.pyc
[0.974s] running install_data
[0.974s] running install_egg_info
[0.975s] removing '/home/kaibuchisoma/minirobo2023_2/install/minirobo2023_2_python/lib/python3.10/site-packages/minirobo2023_2_python-0.0.0-py3.10.egg-info' (and everything under it)
[0.975s] Copying ../../build/minirobo2023_2_python/minirobo2023_2_python.egg-info to /home/kaibuchisoma/minirobo2023_2/install/minirobo2023_2_python/lib/python3.10/site-packages/minirobo2023_2_python-0.0.0-py3.10.egg-info
[0.976s] running install_scripts
[0.991s] Installing communicate_ESP32 script to /home/kaibuchisoma/minirobo2023_2/install/minirobo2023_2_python/lib/minirobo2023_2_python
[0.991s] Installing webserver script to /home/kaibuchisoma/minirobo2023_2/install/minirobo2023_2_python/lib/minirobo2023_2_python
[0.992s] writing list of installed files to '/home/kaibuchisoma/minirobo2023_2/build/minirobo2023_2_python/install.log'
[1.014s] Invoked command in '/home/kaibuchisoma/minirobo2023_2/src/minirobo2023_2_python' returned '0': PYTHONPATH=/home/kaibuchisoma/minirobo2023_2/build/minirobo2023_2_python/prefix_override:/home/kaibuchisoma/minirobo2023_2/install/minirobo2023_2_python/lib/python3.10/site-packages:${PYTHONPATH} /usr/bin/python3 setup.py egg_info --egg-base ../../build/minirobo2023_2_python build --build-base /home/kaibuchisoma/minirobo2023_2/build/minirobo2023_2_python/build install --record /home/kaibuchisoma/minirobo2023_2/build/minirobo2023_2_python/install.log --single-version-externally-managed
