running egg_info
writing ../../build/minirobo2023_2_python/minirobo2023_2_python.egg-info/PKG-INFO
writing dependency_links to ../../build/minirobo2023_2_python/minirobo2023_2_python.egg-info/dependency_links.txt
writing entry points to ../../build/minirobo2023_2_python/minirobo2023_2_python.egg-info/entry_points.txt
writing requirements to ../../build/minirobo2023_2_python/minirobo2023_2_python.egg-info/requires.txt
writing top-level names to ../../build/minirobo2023_2_python/minirobo2023_2_python.egg-info/top_level.txt
reading manifest file '../../build/minirobo2023_2_python/minirobo2023_2_python.egg-info/SOURCES.txt'
writing manifest file '../../build/minirobo2023_2_python/minirobo2023_2_python.egg-info/SOURCES.txt'
running build
running build_py
copying minirobo2023_2_python/communicate_ESP32.py -> /home/kaibuchisoma/minirobo2023_2/build/minirobo2023_2_python/build/lib/minirobo2023_2_python
running install
/usr/lib/python3/dist-packages/setuptools/command/install.py:34: SetuptoolsDeprecationWarning: setup.py install is deprecated. Use build and pip and other standards-based tools.
  warnings.warn(
running install_lib
copying /home/kaibuchisoma/minirobo2023_2/build/minirobo2023_2_python/build/lib/minirobo2023_2_python/communicate_ESP32.py -> /home/kaibuchisoma/minirobo2023_2/install/minirobo2023_2_python/lib/python3.10/site-packages/minirobo2023_2_python
byte-compiling /home/kaibuchisoma/minirobo2023_2/install/minirobo2023_2_python/lib/python3.10/site-packages/minirobo2023_2_python/communicate_ESP32.py to communicate_ESP32.cpython-310.pyc
running install_data
running install_egg_info
removing '/home/kaibuchisoma/minirobo2023_2/install/minirobo2023_2_python/lib/python3.10/site-packages/minirobo2023_2_python-0.0.0-py3.10.egg-info' (and everything under it)
Copying ../../build/minirobo2023_2_python/minirobo2023_2_python.egg-info to /home/kaibuchisoma/minirobo2023_2/install/minirobo2023_2_python/lib/python3.10/site-packages/minirobo2023_2_python-0.0.0-py3.10.egg-info
running install_scripts
Installing communicate_ESP32 script to /home/kaibuchisoma/minirobo2023_2/install/minirobo2023_2_python/lib/minirobo2023_2_python
Installing webserver script to /home/kaibuchisoma/minirobo2023_2/install/minirobo2023_2_python/lib/minirobo2023_2_python
writing list of installed files to '/home/kaibuchisoma/minirobo2023_2/build/minirobo2023_2_python/install.log'
