running egg_info
creating ../../build/minirobo2023_2_python/minirobo2023_2_python.egg-info
writing ../../build/minirobo2023_2_python/minirobo2023_2_python.egg-info/PKG-INFO
writing dependency_links to ../../build/minirobo2023_2_python/minirobo2023_2_python.egg-info/dependency_links.txt
writing entry points to ../../build/minirobo2023_2_python/minirobo2023_2_python.egg-info/entry_points.txt
writing requirements to ../../build/minirobo2023_2_python/minirobo2023_2_python.egg-info/requires.txt
writing top-level names to ../../build/minirobo2023_2_python/minirobo2023_2_python.egg-info/top_level.txt
writing manifest file '../../build/minirobo2023_2_python/minirobo2023_2_python.egg-info/SOURCES.txt'
reading manifest file '../../build/minirobo2023_2_python/minirobo2023_2_python.egg-info/SOURCES.txt'
writing manifest file '../../build/minirobo2023_2_python/minirobo2023_2_python.egg-info/SOURCES.txt'
running build
running build_py
creating /home/kaibuchisoma/minirobo2023_2/build/minirobo2023_2_python/build
creating /home/kaibuchisoma/minirobo2023_2/build/minirobo2023_2_python/build/lib
creating /home/kaibuchisoma/minirobo2023_2/build/minirobo2023_2_python/build/lib/minirobo2023_2_python
copying minirobo2023_2_python/__init__.py -> /home/kaibuchisoma/minirobo2023_2/build/minirobo2023_2_python/build/lib/minirobo2023_2_python
running install
/usr/lib/python3/dist-packages/setuptools/command/install.py:34: SetuptoolsDeprecationWarning: setup.py install is deprecated. Use build and pip and other standards-based tools.
  warnings.warn(
running install_lib
creating /home/kaibuchisoma/minirobo2023_2/install/minirobo2023_2_python/lib/python3.10/site-packages/minirobo2023_2_python
copying /home/kaibuchisoma/minirobo2023_2/build/minirobo2023_2_python/build/lib/minirobo2023_2_python/__init__.py -> /home/kaibuchisoma/minirobo2023_2/install/minirobo2023_2_python/lib/python3.10/site-packages/minirobo2023_2_python
byte-compiling /home/kaibuchisoma/minirobo2023_2/install/minirobo2023_2_python/lib/python3.10/site-packages/minirobo2023_2_python/__init__.py to __init__.cpython-310.pyc
running install_data
creating /home/kaibuchisoma/minirobo2023_2/install/minirobo2023_2_python/share/ament_index
creating /home/kaibuchisoma/minirobo2023_2/install/minirobo2023_2_python/share/ament_index/resource_index
creating /home/kaibuchisoma/minirobo2023_2/install/minirobo2023_2_python/share/ament_index/resource_index/packages
copying resource/minirobo2023_2_python -> /home/kaibuchisoma/minirobo2023_2/install/minirobo2023_2_python/share/ament_index/resource_index/packages
copying package.xml -> /home/kaibuchisoma/minirobo2023_2/install/minirobo2023_2_python/share/minirobo2023_2_python
running install_egg_info
Copying ../../build/minirobo2023_2_python/minirobo2023_2_python.egg-info to /home/kaibuchisoma/minirobo2023_2/install/minirobo2023_2_python/lib/python3.10/site-packages/minirobo2023_2_python-0.0.0-py3.10.egg-info
running install_scripts
writing list of installed files to '/home/kaibuchisoma/minirobo2023_2/build/minirobo2023_2_python/install.log'
