[0.777s] Invoking command in '/home/kaibuchisoma/minirobo2023_2/src/minirobo2023_2_python': PYTHONPATH=/home/kaibuchisoma/minirobo2023_2/build/minirobo2023_2_python/prefix_override:/home/kaibuchisoma/minirobo2023_2/install/minirobo2023_2_python/lib/python3.10/site-packages:${PYTHONPATH} /usr/bin/python3 setup.py egg_info --egg-base ../../build/minirobo2023_2_python build --build-base /home/kaibuchisoma/minirobo2023_2/build/minirobo2023_2_python/build install --record /home/kaibuchisoma/minirobo2023_2/build/minirobo2023_2_python/install.log --single-version-externally-managed
[1.052s] running egg_info
[1.053s] creating ../../build/minirobo2023_2_python/minirobo2023_2_python.egg-info
[1.053s] writing ../../build/minirobo2023_2_python/minirobo2023_2_python.egg-info/PKG-INFO
[1.053s] writing dependency_links to ../../build/minirobo2023_2_python/minirobo2023_2_python.egg-info/dependency_links.txt
[1.053s] writing entry points to ../../build/minirobo2023_2_python/minirobo2023_2_python.egg-info/entry_points.txt
[1.053s] writing requirements to ../../build/minirobo2023_2_python/minirobo2023_2_python.egg-info/requires.txt
[1.053s] writing top-level names to ../../build/minirobo2023_2_python/minirobo2023_2_python.egg-info/top_level.txt
[1.054s] writing manifest file '../../build/minirobo2023_2_python/minirobo2023_2_python.egg-info/SOURCES.txt'
[1.055s] reading manifest file '../../build/minirobo2023_2_python/minirobo2023_2_python.egg-info/SOURCES.txt'
[1.056s] writing manifest file '../../build/minirobo2023_2_python/minirobo2023_2_python.egg-info/SOURCES.txt'
[1.056s] running build
[1.056s] running build_py
[1.056s] creating /home/kaibuchisoma/minirobo2023_2/build/minirobo2023_2_python/build
[1.056s] creating /home/kaibuchisoma/minirobo2023_2/build/minirobo2023_2_python/build/lib
[1.056s] creating /home/kaibuchisoma/minirobo2023_2/build/minirobo2023_2_python/build/lib/minirobo2023_2_python
[1.056s] copying minirobo2023_2_python/__init__.py -> /home/kaibuchisoma/minirobo2023_2/build/minirobo2023_2_python/build/lib/minirobo2023_2_python
[1.056s] running install
[1.062s] /usr/lib/python3/dist-packages/setuptools/command/install.py:34: SetuptoolsDeprecationWarning: setup.py install is deprecated. Use build and pip and other standards-based tools.
[1.062s]   warnings.warn(
[1.063s] running install_lib
[1.064s] creating /home/kaibuchisoma/minirobo2023_2/install/minirobo2023_2_python/lib/python3.10/site-packages/minirobo2023_2_python
[1.064s] copying /home/kaibuchisoma/minirobo2023_2/build/minirobo2023_2_python/build/lib/minirobo2023_2_python/__init__.py -> /home/kaibuchisoma/minirobo2023_2/install/minirobo2023_2_python/lib/python3.10/site-packages/minirobo2023_2_python
[1.064s] byte-compiling /home/kaibuchisoma/minirobo2023_2/install/minirobo2023_2_python/lib/python3.10/site-packages/minirobo2023_2_python/__init__.py to __init__.cpython-310.pyc
[1.064s] running install_data
[1.065s] creating /home/kaibuchisoma/minirobo2023_2/install/minirobo2023_2_python/share/ament_index
[1.065s] creating /home/kaibuchisoma/minirobo2023_2/install/minirobo2023_2_python/share/ament_index/resource_index
[1.065s] creating /home/kaibuchisoma/minirobo2023_2/install/minirobo2023_2_python/share/ament_index/resource_index/packages
[1.065s] copying resource/minirobo2023_2_python -> /home/kaibuchisoma/minirobo2023_2/install/minirobo2023_2_python/share/ament_index/resource_index/packages
[1.065s] copying package.xml -> /home/kaibuchisoma/minirobo2023_2/install/minirobo2023_2_python/share/minirobo2023_2_python
[1.065s] running install_egg_info
[1.066s] Copying ../../build/minirobo2023_2_python/minirobo2023_2_python.egg-info to /home/kaibuchisoma/minirobo2023_2/install/minirobo2023_2_python/lib/python3.10/site-packages/minirobo2023_2_python-0.0.0-py3.10.egg-info
[1.067s] running install_scripts
[1.085s] writing list of installed files to '/home/kaibuchisoma/minirobo2023_2/build/minirobo2023_2_python/install.log'
[1.106s] Invoked command in '/home/kaibuchisoma/minirobo2023_2/src/minirobo2023_2_python' returned '0': PYTHONPATH=/home/kaibuchisoma/minirobo2023_2/build/minirobo2023_2_python/prefix_override:/home/kaibuchisoma/minirobo2023_2/install/minirobo2023_2_python/lib/python3.10/site-packages:${PYTHONPATH} /usr/bin/python3 setup.py egg_info --egg-base ../../build/minirobo2023_2_python build --build-base /home/kaibuchisoma/minirobo2023_2/build/minirobo2023_2_python/build install --record /home/kaibuchisoma/minirobo2023_2/build/minirobo2023_2_python/install.log --single-version-externally-managed
