[1.268s] DEBUG:colcon:Command line arguments: ['/usr/bin/colcon', 'build']
[1.269s] DEBUG:colcon:Parsed command line arguments: Namespace(log_base=None, log_level=None, verb_name='build', build_base='build', install_base='install', merge_install=False, symlink_install=False, test_result_base=None, continue_on_error=False, executor='parallel', parallel_workers=12, event_handlers=None, ignore_user_meta=False, metas=['./colcon.meta'], base_paths=['.'], packages_ignore=None, packages_ignore_regex=None, paths=None, packages_up_to=None, packages_up_to_regex=None, packages_above=None, packages_above_and_dependencies=None, packages_above_depth=None, packages_select_by_dep=None, packages_skip_by_dep=None, packages_skip_up_to=None, packages_select_build_failed=False, packages_skip_build_finished=False, packages_select_test_failures=False, packages_skip_test_passed=False, packages_select=None, packages_skip=None, packages_select_regex=None, packages_skip_regex=None, packages_start=None, packages_end=None, allow_overriding=[], cmake_args=None, cmake_target=None, cmake_target_skip_unavailable=False, cmake_clean_cache=False, cmake_clean_first=False, cmake_force_configure=False, ament_cmake_args=None, catkin_cmake_args=None, catkin_skip_building_tests=False, verb_parser=<colcon_defaults.argument_parser.defaults.DefaultArgumentsDecorator object at 0x7fe5673c6b00>, verb_extension=<colcon_core.verb.build.BuildVerb object at 0x7fe567845840>, main=<bound method BuildVerb.main of <colcon_core.verb.build.BuildVerb object at 0x7fe567845840>>)
[1.325s] Level 1:colcon.colcon_core.package_discovery:discover_packages(colcon_meta) check parameters
[1.325s] Level 1:colcon.colcon_core.package_discovery:discover_packages(recursive) check parameters
[1.325s] Level 1:colcon.colcon_core.package_discovery:discover_packages(ignore) check parameters
[1.325s] Level 1:colcon.colcon_core.package_discovery:discover_packages(path) check parameters
[1.325s] Level 1:colcon.colcon_core.package_discovery:discover_packages(colcon_meta) discover
[1.325s] Level 1:colcon.colcon_core.package_discovery:discover_packages(recursive) discover
[1.326s] INFO:colcon.colcon_core.package_discovery:Crawling recursively for packages in '/home/kaibuchisoma/minirobo2023_2'
[1.326s] Level 1:colcon.colcon_core.package_identification:_identify(.) by extensions ['ignore', 'ignore_ament_install']
[1.326s] Level 1:colcon.colcon_core.package_identification:_identify(.) by extension 'ignore'
[1.326s] Level 1:colcon.colcon_core.package_identification:_identify(.) by extension 'ignore_ament_install'
[1.326s] Level 1:colcon.colcon_core.package_identification:_identify(.) by extensions ['colcon_pkg']
[1.326s] Level 1:colcon.colcon_core.package_identification:_identify(.) by extension 'colcon_pkg'
[1.326s] Level 1:colcon.colcon_core.package_identification:_identify(.) by extensions ['colcon_meta']
[1.326s] Level 1:colcon.colcon_core.package_identification:_identify(.) by extension 'colcon_meta'
[1.326s] Level 1:colcon.colcon_core.package_identification:_identify(.) by extensions ['ros']
[1.326s] Level 1:colcon.colcon_core.package_identification:_identify(.) by extension 'ros'
[1.337s] Level 1:colcon.colcon_core.package_identification:_identify(.) by extensions ['cmake', 'python']
[1.337s] Level 1:colcon.colcon_core.package_identification:_identify(.) by extension 'cmake'
[1.337s] Level 1:colcon.colcon_core.package_identification:_identify(.) by extension 'python'
[1.337s] Level 1:colcon.colcon_core.package_identification:_identify(.) by extensions ['python_setup_py']
[1.337s] Level 1:colcon.colcon_core.package_identification:_identify(.) by extension 'python_setup_py'
[1.337s] Level 1:colcon.colcon_core.package_identification:_identify(ESP32) by extensions ['ignore', 'ignore_ament_install']
[1.337s] Level 1:colcon.colcon_core.package_identification:_identify(ESP32) by extension 'ignore'
[1.337s] Level 1:colcon.colcon_core.package_identification:_identify(ESP32) by extension 'ignore_ament_install'
[1.337s] Level 1:colcon.colcon_core.package_identification:_identify(ESP32) by extensions ['colcon_pkg']
[1.337s] Level 1:colcon.colcon_core.package_identification:_identify(ESP32) by extension 'colcon_pkg'
[1.337s] Level 1:colcon.colcon_core.package_identification:_identify(ESP32) by extensions ['colcon_meta']
[1.337s] Level 1:colcon.colcon_core.package_identification:_identify(ESP32) by extension 'colcon_meta'
[1.337s] Level 1:colcon.colcon_core.package_identification:_identify(ESP32) by extensions ['ros']
[1.337s] Level 1:colcon.colcon_core.package_identification:_identify(ESP32) by extension 'ros'
[1.337s] Level 1:colcon.colcon_core.package_identification:_identify(ESP32) by extensions ['cmake', 'python']
[1.337s] Level 1:colcon.colcon_core.package_identification:_identify(ESP32) by extension 'cmake'
[1.337s] Level 1:colcon.colcon_core.package_identification:_identify(ESP32) by extension 'python'
[1.338s] Level 1:colcon.colcon_core.package_identification:_identify(ESP32) by extensions ['python_setup_py']
[1.338s] Level 1:colcon.colcon_core.package_identification:_identify(ESP32) by extension 'python_setup_py'
[1.338s] Level 1:colcon.colcon_core.package_identification:_identify(ESP32/MiniRobo2) by extensions ['ignore', 'ignore_ament_install']
[1.338s] Level 1:colcon.colcon_core.package_identification:_identify(ESP32/MiniRobo2) by extension 'ignore'
[1.338s] Level 1:colcon.colcon_core.package_identification:_identify(ESP32/MiniRobo2) by extension 'ignore_ament_install'
[1.338s] Level 1:colcon.colcon_core.package_identification:_identify(ESP32/MiniRobo2) by extensions ['colcon_pkg']
[1.338s] Level 1:colcon.colcon_core.package_identification:_identify(ESP32/MiniRobo2) by extension 'colcon_pkg'
[1.338s] Level 1:colcon.colcon_core.package_identification:_identify(ESP32/MiniRobo2) by extensions ['colcon_meta']
[1.338s] Level 1:colcon.colcon_core.package_identification:_identify(ESP32/MiniRobo2) by extension 'colcon_meta'
[1.338s] Level 1:colcon.colcon_core.package_identification:_identify(ESP32/MiniRobo2) by extensions ['ros']
[1.338s] Level 1:colcon.colcon_core.package_identification:_identify(ESP32/MiniRobo2) by extension 'ros'
[1.338s] Level 1:colcon.colcon_core.package_identification:_identify(ESP32/MiniRobo2) by extensions ['cmake', 'python']
[1.338s] Level 1:colcon.colcon_core.package_identification:_identify(ESP32/MiniRobo2) by extension 'cmake'
[1.338s] Level 1:colcon.colcon_core.package_identification:_identify(ESP32/MiniRobo2) by extension 'python'
[1.338s] Level 1:colcon.colcon_core.package_identification:_identify(ESP32/MiniRobo2) by extensions ['python_setup_py']
[1.338s] Level 1:colcon.colcon_core.package_identification:_identify(ESP32/MiniRobo2) by extension 'python_setup_py'
[1.338s] Level 1:colcon.colcon_core.package_identification:_identify(build) by extensions ['ignore', 'ignore_ament_install']
[1.338s] Level 1:colcon.colcon_core.package_identification:_identify(build) by extension 'ignore'
[1.338s] Level 1:colcon.colcon_core.package_identification:_identify(build) ignored
[1.339s] Level 1:colcon.colcon_core.package_identification:_identify(get_sp_state) by extensions ['ignore', 'ignore_ament_install']
[1.339s] Level 1:colcon.colcon_core.package_identification:_identify(get_sp_state) by extension 'ignore'
[1.339s] Level 1:colcon.colcon_core.package_identification:_identify(get_sp_state) by extension 'ignore_ament_install'
[1.339s] Level 1:colcon.colcon_core.package_identification:_identify(get_sp_state) by extensions ['colcon_pkg']
[1.339s] Level 1:colcon.colcon_core.package_identification:_identify(get_sp_state) by extension 'colcon_pkg'
[1.339s] Level 1:colcon.colcon_core.package_identification:_identify(get_sp_state) by extensions ['colcon_meta']
[1.339s] Level 1:colcon.colcon_core.package_identification:_identify(get_sp_state) by extension 'colcon_meta'
[1.339s] Level 1:colcon.colcon_core.package_identification:_identify(get_sp_state) by extensions ['ros']
[1.339s] Level 1:colcon.colcon_core.package_identification:_identify(get_sp_state) by extension 'ros'
[1.339s] Level 1:colcon.colcon_core.package_identification:_identify(get_sp_state) by extensions ['cmake', 'python']
[1.339s] Level 1:colcon.colcon_core.package_identification:_identify(get_sp_state) by extension 'cmake'
[1.339s] Level 1:colcon.colcon_core.package_identification:_identify(get_sp_state) by extension 'python'
[1.339s] Level 1:colcon.colcon_core.package_identification:_identify(get_sp_state) by extensions ['python_setup_py']
[1.339s] Level 1:colcon.colcon_core.package_identification:_identify(get_sp_state) by extension 'python_setup_py'
[1.339s] Level 1:colcon.colcon_core.package_identification:_identify(get_sp_state/templates) by extensions ['ignore', 'ignore_ament_install']
[1.339s] Level 1:colcon.colcon_core.package_identification:_identify(get_sp_state/templates) by extension 'ignore'
[1.339s] Level 1:colcon.colcon_core.package_identification:_identify(get_sp_state/templates) by extension 'ignore_ament_install'
[1.339s] Level 1:colcon.colcon_core.package_identification:_identify(get_sp_state/templates) by extensions ['colcon_pkg']
[1.340s] Level 1:colcon.colcon_core.package_identification:_identify(get_sp_state/templates) by extension 'colcon_pkg'
[1.340s] Level 1:colcon.colcon_core.package_identification:_identify(get_sp_state/templates) by extensions ['colcon_meta']
[1.340s] Level 1:colcon.colcon_core.package_identification:_identify(get_sp_state/templates) by extension 'colcon_meta'
[1.340s] Level 1:colcon.colcon_core.package_identification:_identify(get_sp_state/templates) by extensions ['ros']
[1.340s] Level 1:colcon.colcon_core.package_identification:_identify(get_sp_state/templates) by extension 'ros'
[1.340s] Level 1:colcon.colcon_core.package_identification:_identify(get_sp_state/templates) by extensions ['cmake', 'python']
[1.340s] Level 1:colcon.colcon_core.package_identification:_identify(get_sp_state/templates) by extension 'cmake'
[1.340s] Level 1:colcon.colcon_core.package_identification:_identify(get_sp_state/templates) by extension 'python'
[1.340s] Level 1:colcon.colcon_core.package_identification:_identify(get_sp_state/templates) by extensions ['python_setup_py']
[1.340s] Level 1:colcon.colcon_core.package_identification:_identify(get_sp_state/templates) by extension 'python_setup_py'
[1.340s] Level 1:colcon.colcon_core.package_identification:_identify(install) by extensions ['ignore', 'ignore_ament_install']
[1.340s] Level 1:colcon.colcon_core.package_identification:_identify(install) by extension 'ignore'
[1.340s] Level 1:colcon.colcon_core.package_identification:_identify(install) ignored
[1.340s] Level 1:colcon.colcon_core.package_identification:_identify(launch) by extensions ['ignore', 'ignore_ament_install']
[1.340s] Level 1:colcon.colcon_core.package_identification:_identify(launch) by extension 'ignore'
[1.340s] Level 1:colcon.colcon_core.package_identification:_identify(launch) by extension 'ignore_ament_install'
[1.340s] Level 1:colcon.colcon_core.package_identification:_identify(launch) by extensions ['colcon_pkg']
[1.340s] Level 1:colcon.colcon_core.package_identification:_identify(launch) by extension 'colcon_pkg'
[1.340s] Level 1:colcon.colcon_core.package_identification:_identify(launch) by extensions ['colcon_meta']
[1.340s] Level 1:colcon.colcon_core.package_identification:_identify(launch) by extension 'colcon_meta'
[1.341s] Level 1:colcon.colcon_core.package_identification:_identify(launch) by extensions ['ros']
[1.341s] Level 1:colcon.colcon_core.package_identification:_identify(launch) by extension 'ros'
[1.341s] Level 1:colcon.colcon_core.package_identification:_identify(launch) by extensions ['cmake', 'python']
[1.341s] Level 1:colcon.colcon_core.package_identification:_identify(launch) by extension 'cmake'
[1.341s] Level 1:colcon.colcon_core.package_identification:_identify(launch) by extension 'python'
[1.341s] Level 1:colcon.colcon_core.package_identification:_identify(launch) by extensions ['python_setup_py']
[1.341s] Level 1:colcon.colcon_core.package_identification:_identify(launch) by extension 'python_setup_py'
[1.341s] Level 1:colcon.colcon_core.package_identification:_identify(launch/__pycache__) by extensions ['ignore', 'ignore_ament_install']
[1.341s] Level 1:colcon.colcon_core.package_identification:_identify(launch/__pycache__) by extension 'ignore'
[1.341s] Level 1:colcon.colcon_core.package_identification:_identify(launch/__pycache__) by extension 'ignore_ament_install'
[1.341s] Level 1:colcon.colcon_core.package_identification:_identify(launch/__pycache__) by extensions ['colcon_pkg']
[1.341s] Level 1:colcon.colcon_core.package_identification:_identify(launch/__pycache__) by extension 'colcon_pkg'
[1.341s] Level 1:colcon.colcon_core.package_identification:_identify(launch/__pycache__) by extensions ['colcon_meta']
[1.341s] Level 1:colcon.colcon_core.package_identification:_identify(launch/__pycache__) by extension 'colcon_meta'
[1.341s] Level 1:colcon.colcon_core.package_identification:_identify(launch/__pycache__) by extensions ['ros']
[1.341s] Level 1:colcon.colcon_core.package_identification:_identify(launch/__pycache__) by extension 'ros'
[1.341s] Level 1:colcon.colcon_core.package_identification:_identify(launch/__pycache__) by extensions ['cmake', 'python']
[1.341s] Level 1:colcon.colcon_core.package_identification:_identify(launch/__pycache__) by extension 'cmake'
[1.341s] Level 1:colcon.colcon_core.package_identification:_identify(launch/__pycache__) by extension 'python'
[1.341s] Level 1:colcon.colcon_core.package_identification:_identify(launch/__pycache__) by extensions ['python_setup_py']
[1.342s] Level 1:colcon.colcon_core.package_identification:_identify(launch/__pycache__) by extension 'python_setup_py'
[1.342s] Level 1:colcon.colcon_core.package_identification:_identify(log) by extensions ['ignore', 'ignore_ament_install']
[1.342s] Level 1:colcon.colcon_core.package_identification:_identify(log) by extension 'ignore'
[1.342s] Level 1:colcon.colcon_core.package_identification:_identify(log) ignored
[1.342s] Level 1:colcon.colcon_core.package_identification:_identify(src) by extensions ['ignore', 'ignore_ament_install']
[1.342s] Level 1:colcon.colcon_core.package_identification:_identify(src) by extension 'ignore'
[1.342s] Level 1:colcon.colcon_core.package_identification:_identify(src) by extension 'ignore_ament_install'
[1.342s] Level 1:colcon.colcon_core.package_identification:_identify(src) by extensions ['colcon_pkg']
[1.342s] Level 1:colcon.colcon_core.package_identification:_identify(src) by extension 'colcon_pkg'
[1.342s] Level 1:colcon.colcon_core.package_identification:_identify(src) by extensions ['colcon_meta']
[1.342s] Level 1:colcon.colcon_core.package_identification:_identify(src) by extension 'colcon_meta'
[1.342s] Level 1:colcon.colcon_core.package_identification:_identify(src) by extensions ['ros']
[1.342s] Level 1:colcon.colcon_core.package_identification:_identify(src) by extension 'ros'
[1.342s] Level 1:colcon.colcon_core.package_identification:_identify(src) by extensions ['cmake', 'python']
[1.342s] Level 1:colcon.colcon_core.package_identification:_identify(src) by extension 'cmake'
[1.342s] Level 1:colcon.colcon_core.package_identification:_identify(src) by extension 'python'
[1.343s] Level 1:colcon.colcon_core.package_identification:_identify(src) by extensions ['python_setup_py']
[1.343s] Level 1:colcon.colcon_core.package_identification:_identify(src) by extension 'python_setup_py'
[1.343s] Level 1:colcon.colcon_core.package_identification:_identify(src/minirobo2023_2_python) by extensions ['ignore', 'ignore_ament_install']
[1.343s] Level 1:colcon.colcon_core.package_identification:_identify(src/minirobo2023_2_python) by extension 'ignore'
[1.343s] Level 1:colcon.colcon_core.package_identification:_identify(src/minirobo2023_2_python) by extension 'ignore_ament_install'
[1.343s] Level 1:colcon.colcon_core.package_identification:_identify(src/minirobo2023_2_python) by extensions ['colcon_pkg']
[1.343s] Level 1:colcon.colcon_core.package_identification:_identify(src/minirobo2023_2_python) by extension 'colcon_pkg'
[1.343s] Level 1:colcon.colcon_core.package_identification:_identify(src/minirobo2023_2_python) by extensions ['colcon_meta']
[1.343s] Level 1:colcon.colcon_core.package_identification:_identify(src/minirobo2023_2_python) by extension 'colcon_meta'
[1.343s] Level 1:colcon.colcon_core.package_identification:_identify(src/minirobo2023_2_python) by extensions ['ros']
[1.343s] Level 1:colcon.colcon_core.package_identification:_identify(src/minirobo2023_2_python) by extension 'ros'
[1.345s] DEBUG:colcon.colcon_core.package_identification:Package 'src/minirobo2023_2_python' with type 'ros.ament_python' and name 'minirobo2023_2_python'
[1.345s] Level 1:colcon.colcon_core.package_discovery:discover_packages(recursive) using defaults
[1.345s] Level 1:colcon.colcon_core.package_discovery:discover_packages(ignore) discover
[1.345s] Level 1:colcon.colcon_core.package_discovery:discover_packages(ignore) using defaults
[1.345s] Level 1:colcon.colcon_core.package_discovery:discover_packages(path) discover
[1.345s] Level 1:colcon.colcon_core.package_discovery:discover_packages(path) using defaults
[1.464s] Level 1:colcon.colcon_core.package_discovery:discover_packages(prefix_path) check parameters
[1.464s] Level 1:colcon.colcon_core.package_discovery:discover_packages(prefix_path) discover
[1.512s] DEBUG:colcon.colcon_installed_package_information.package_discovery:Found 1 installed packages in /home/kaibuchisoma/minirobo2023_2/install
[1.532s] DEBUG:colcon.colcon_installed_package_information.package_discovery:Found 271 installed packages in /opt/ros/humble
[1.533s] Level 1:colcon.colcon_core.package_discovery:discover_packages(prefix_path) using defaults
[1.629s] Level 5:colcon.colcon_core.verb:set package 'minirobo2023_2_python' build argument 'cmake_args' from command line to 'None'
[1.630s] Level 5:colcon.colcon_core.verb:set package 'minirobo2023_2_python' build argument 'cmake_target' from command line to 'None'
[1.630s] Level 5:colcon.colcon_core.verb:set package 'minirobo2023_2_python' build argument 'cmake_target_skip_unavailable' from command line to 'False'
[1.630s] Level 5:colcon.colcon_core.verb:set package 'minirobo2023_2_python' build argument 'cmake_clean_cache' from command line to 'False'
[1.630s] Level 5:colcon.colcon_core.verb:set package 'minirobo2023_2_python' build argument 'cmake_clean_first' from command line to 'False'
[1.630s] Level 5:colcon.colcon_core.verb:set package 'minirobo2023_2_python' build argument 'cmake_force_configure' from command line to 'False'
[1.630s] Level 5:colcon.colcon_core.verb:set package 'minirobo2023_2_python' build argument 'ament_cmake_args' from command line to 'None'
[1.630s] Level 5:colcon.colcon_core.verb:set package 'minirobo2023_2_python' build argument 'catkin_cmake_args' from command line to 'None'
[1.630s] Level 5:colcon.colcon_core.verb:set package 'minirobo2023_2_python' build argument 'catkin_skip_building_tests' from command line to 'False'
[1.630s] DEBUG:colcon.colcon_core.verb:Building package 'minirobo2023_2_python' with the following arguments: {'ament_cmake_args': None, 'build_base': '/home/kaibuchisoma/minirobo2023_2/build/minirobo2023_2_python', 'catkin_cmake_args': None, 'catkin_skip_building_tests': False, 'cmake_args': None, 'cmake_clean_cache': False, 'cmake_clean_first': False, 'cmake_force_configure': False, 'cmake_target': None, 'cmake_target_skip_unavailable': False, 'install_base': '/home/kaibuchisoma/minirobo2023_2/install/minirobo2023_2_python', 'merge_install': False, 'path': '/home/kaibuchisoma/minirobo2023_2/src/minirobo2023_2_python', 'symlink_install': False, 'test_result_base': None}
[1.649s] INFO:colcon.colcon_core.executor:Executing jobs using 'parallel' executor
[1.668s] DEBUG:colcon.colcon_parallel_executor.executor.parallel:run_until_complete
[1.668s] INFO:colcon.colcon_ros.task.ament_python.build:Building ROS package in '/home/kaibuchisoma/minirobo2023_2/src/minirobo2023_2_python' with build type 'ament_python'
[1.668s] Level 1:colcon.colcon_core.shell:create_environment_hook('minirobo2023_2_python', 'ament_prefix_path')
[1.688s] INFO:colcon.colcon_core.plugin_system:Skipping extension 'colcon_core.shell.bat': Not used on non-Windows systems
[1.688s] INFO:colcon.colcon_core.shell:Creating environment hook '/home/kaibuchisoma/minirobo2023_2/install/minirobo2023_2_python/share/minirobo2023_2_python/hook/ament_prefix_path.ps1'
[1.688s] INFO:colcon.colcon_core.shell:Creating environment descriptor '/home/kaibuchisoma/minirobo2023_2/install/minirobo2023_2_python/share/minirobo2023_2_python/hook/ament_prefix_path.dsv'
[1.689s] INFO:colcon.colcon_core.shell:Creating environment hook '/home/kaibuchisoma/minirobo2023_2/install/minirobo2023_2_python/share/minirobo2023_2_python/hook/ament_prefix_path.sh'
[1.708s] INFO:colcon.colcon_core.shell:Skip shell extension 'powershell' for command environment: Not usable outside of PowerShell
[1.708s] DEBUG:colcon.colcon_core.shell:Skip shell extension 'dsv' for command environment
[2.072s] INFO:colcon.colcon_core.task.python.build:Building Python package in '/home/kaibuchisoma/minirobo2023_2/src/minirobo2023_2_python'
[2.090s] INFO:colcon.colcon_core.shell:Skip shell extension 'powershell' for command environment: Not usable outside of PowerShell
[2.090s] DEBUG:colcon.colcon_core.shell:Skip shell extension 'dsv' for command environment
[2.491s] DEBUG:colcon.colcon_core.event_handler.log_command:Invoking command in '/home/kaibuchisoma/minirobo2023_2/src/minirobo2023_2_python': PYTHONPATH=/home/kaibuchisoma/minirobo2023_2/build/minirobo2023_2_python/prefix_override:/home/kaibuchisoma/minirobo2023_2/install/minirobo2023_2_python/lib/python3.10/site-packages:${PYTHONPATH} /usr/bin/python3 setup.py egg_info --egg-base ../../build/minirobo2023_2_python build --build-base /home/kaibuchisoma/minirobo2023_2/build/minirobo2023_2_python/build install --record /home/kaibuchisoma/minirobo2023_2/build/minirobo2023_2_python/install.log --single-version-externally-managed
[2.859s] DEBUG:colcon.colcon_core.event_handler.log_command:Invoked command in '/home/kaibuchisoma/minirobo2023_2/src/minirobo2023_2_python' returned '0': PYTHONPATH=/home/kaibuchisoma/minirobo2023_2/build/minirobo2023_2_python/prefix_override:/home/kaibuchisoma/minirobo2023_2/install/minirobo2023_2_python/lib/python3.10/site-packages:${PYTHONPATH} /usr/bin/python3 setup.py egg_info --egg-base ../../build/minirobo2023_2_python build --build-base /home/kaibuchisoma/minirobo2023_2/build/minirobo2023_2_python/build install --record /home/kaibuchisoma/minirobo2023_2/build/minirobo2023_2_python/install.log --single-version-externally-managed
[2.884s] Level 1:colcon.colcon_core.environment:checking '/home/kaibuchisoma/minirobo2023_2/install/minirobo2023_2_python' for CMake module files
[2.884s] Level 1:colcon.colcon_core.environment:checking '/home/kaibuchisoma/minirobo2023_2/install/minirobo2023_2_python' for CMake config files
[2.884s] Level 1:colcon.colcon_core.environment:checking '/home/kaibuchisoma/minirobo2023_2/install/minirobo2023_2_python/lib'
[2.885s] Level 1:colcon.colcon_core.environment:checking '/home/kaibuchisoma/minirobo2023_2/install/minirobo2023_2_python/bin'
[2.885s] Level 1:colcon.colcon_core.environment:checking '/home/kaibuchisoma/minirobo2023_2/install/minirobo2023_2_python/lib/pkgconfig/minirobo2023_2_python.pc'
[2.885s] Level 1:colcon.colcon_core.environment:checking '/home/kaibuchisoma/minirobo2023_2/install/minirobo2023_2_python/lib/python3.10/site-packages'
[2.885s] Level 1:colcon.colcon_core.shell:create_environment_hook('minirobo2023_2_python', 'pythonpath')
[2.903s] INFO:colcon.colcon_core.shell:Creating environment hook '/home/kaibuchisoma/minirobo2023_2/install/minirobo2023_2_python/share/minirobo2023_2_python/hook/pythonpath.ps1'
[2.904s] INFO:colcon.colcon_core.shell:Creating environment descriptor '/home/kaibuchisoma/minirobo2023_2/install/minirobo2023_2_python/share/minirobo2023_2_python/hook/pythonpath.dsv'
[2.904s] INFO:colcon.colcon_core.shell:Creating environment hook '/home/kaibuchisoma/minirobo2023_2/install/minirobo2023_2_python/share/minirobo2023_2_python/hook/pythonpath.sh'
[2.905s] Level 1:colcon.colcon_core.environment:checking '/home/kaibuchisoma/minirobo2023_2/install/minirobo2023_2_python/bin'
[2.905s] Level 1:colcon.colcon_core.environment:create_environment_scripts_only(minirobo2023_2_python)
[2.924s] INFO:colcon.colcon_core.shell:Creating package script '/home/kaibuchisoma/minirobo2023_2/install/minirobo2023_2_python/share/minirobo2023_2_python/package.ps1'
[2.925s] INFO:colcon.colcon_core.shell:Creating package descriptor '/home/kaibuchisoma/minirobo2023_2/install/minirobo2023_2_python/share/minirobo2023_2_python/package.dsv'
[2.925s] INFO:colcon.colcon_core.shell:Creating package script '/home/kaibuchisoma/minirobo2023_2/install/minirobo2023_2_python/share/minirobo2023_2_python/package.sh'
[2.926s] INFO:colcon.colcon_core.shell:Creating package script '/home/kaibuchisoma/minirobo2023_2/install/minirobo2023_2_python/share/minirobo2023_2_python/package.bash'
[2.927s] INFO:colcon.colcon_core.shell:Creating package script '/home/kaibuchisoma/minirobo2023_2/install/minirobo2023_2_python/share/minirobo2023_2_python/package.zsh'
[2.927s] Level 1:colcon.colcon_core.environment:create_file_with_runtime_dependencies(/home/kaibuchisoma/minirobo2023_2/install/minirobo2023_2_python/share/colcon-core/packages/minirobo2023_2_python)
[2.927s] DEBUG:colcon.colcon_parallel_executor.executor.parallel:closing loop
[2.928s] DEBUG:colcon.colcon_parallel_executor.executor.parallel:loop closed
[2.928s] DEBUG:colcon.colcon_parallel_executor.executor.parallel:run_until_complete finished with '0'
[2.928s] DEBUG:colcon.colcon_core.event_reactor:joining thread
[2.951s] INFO:colcon.colcon_core.plugin_system:Skipping extension 'colcon_notification.desktop_notification.terminal_notifier': Not used on non-Darwin systems
[2.951s] INFO:colcon.colcon_core.plugin_system:Skipping extension 'colcon_notification.desktop_notification.win32': Not used on non-Windows systems
[2.952s] INFO:colcon.colcon_notification.desktop_notification:Sending desktop notification using 'notify2'
[2.962s] DEBUG:colcon.colcon_core.event_reactor:joined thread
[2.984s] INFO:colcon.colcon_core.shell:Creating prefix script '/home/kaibuchisoma/minirobo2023_2/install/local_setup.ps1'
[2.985s] INFO:colcon.colcon_core.shell:Creating prefix util module '/home/kaibuchisoma/minirobo2023_2/install/_local_setup_util_ps1.py'
[2.986s] INFO:colcon.colcon_core.shell:Creating prefix chain script '/home/kaibuchisoma/minirobo2023_2/install/setup.ps1'
[3.007s] INFO:colcon.colcon_core.shell:Creating prefix script '/home/kaibuchisoma/minirobo2023_2/install/local_setup.sh'
[3.008s] INFO:colcon.colcon_core.shell:Creating prefix util module '/home/kaibuchisoma/minirobo2023_2/install/_local_setup_util_sh.py'
[3.008s] INFO:colcon.colcon_core.shell:Creating prefix chain script '/home/kaibuchisoma/minirobo2023_2/install/setup.sh'
[3.029s] INFO:colcon.colcon_core.shell:Creating prefix script '/home/kaibuchisoma/minirobo2023_2/install/local_setup.bash'
[3.030s] INFO:colcon.colcon_core.shell:Creating prefix chain script '/home/kaibuchisoma/minirobo2023_2/install/setup.bash'
[3.051s] INFO:colcon.colcon_core.shell:Creating prefix script '/home/kaibuchisoma/minirobo2023_2/install/local_setup.zsh'
[3.052s] INFO:colcon.colcon_core.shell:Creating prefix chain script '/home/kaibuchisoma/minirobo2023_2/install/setup.zsh'
