[1.392s] DEBUG:colcon:Command line arguments: ['/usr/bin/colcon', 'build']
[1.393s] DEBUG:colcon:Parsed command line arguments: Namespace(log_base=None, log_level=None, verb_name='build', build_base='build', install_base='install', merge_install=False, symlink_install=False, test_result_base=None, continue_on_error=False, executor='parallel', parallel_workers=12, event_handlers=None, ignore_user_meta=False, metas=['./colcon.meta'], base_paths=['.'], packages_ignore=None, packages_ignore_regex=None, paths=None, packages_up_to=None, packages_up_to_regex=None, packages_above=None, packages_above_and_dependencies=None, packages_above_depth=None, packages_select_by_dep=None, packages_skip_by_dep=None, packages_skip_up_to=None, packages_select_build_failed=False, packages_skip_build_finished=False, packages_select_test_failures=False, packages_skip_test_passed=False, packages_select=None, packages_skip=None, packages_select_regex=None, packages_skip_regex=None, packages_start=None, packages_end=None, allow_overriding=[], cmake_args=None, cmake_target=None, cmake_target_skip_unavailable=False, cmake_clean_cache=False, cmake_clean_first=False, cmake_force_configure=False, ament_cmake_args=None, catkin_cmake_args=None, catkin_skip_building_tests=False, verb_parser=<colcon_defaults.argument_parser.defaults.DefaultArgumentsDecorator object at 0x7fce6eef9a50>, verb_extension=<colcon_core.verb.build.BuildVerb object at 0x7fce6f145840>, main=<bound method BuildVerb.main of <colcon_core.verb.build.BuildVerb object at 0x7fce6f145840>>)
[1.451s] Level 1:colcon.colcon_core.package_discovery:discover_packages(colcon_meta) check parameters
[1.451s] Level 1:colcon.colcon_core.package_discovery:discover_packages(recursive) check parameters
[1.451s] Level 1:colcon.colcon_core.package_discovery:discover_packages(ignore) check parameters
[1.451s] Level 1:colcon.colcon_core.package_discovery:discover_packages(path) check parameters
[1.451s] Level 1:colcon.colcon_core.package_discovery:discover_packages(colcon_meta) discover
[1.451s] Level 1:colcon.colcon_core.package_discovery:discover_packages(recursive) discover
[1.452s] INFO:colcon.colcon_core.package_discovery:Crawling recursively for packages in '/home/kaibuchisoma/minirobo2023_2'
[1.452s] Level 1:colcon.colcon_core.package_identification:_identify(.) by extensions ['ignore', 'ignore_ament_install']
[1.452s] Level 1:colcon.colcon_core.package_identification:_identify(.) by extension 'ignore'
[1.452s] Level 1:colcon.colcon_core.package_identification:_identify(.) by extension 'ignore_ament_install'
[1.452s] Level 1:colcon.colcon_core.package_identification:_identify(.) by extensions ['colcon_pkg']
[1.452s] Level 1:colcon.colcon_core.package_identification:_identify(.) by extension 'colcon_pkg'
[1.452s] Level 1:colcon.colcon_core.package_identification:_identify(.) by extensions ['colcon_meta']
[1.452s] Level 1:colcon.colcon_core.package_identification:_identify(.) by extension 'colcon_meta'
[1.452s] Level 1:colcon.colcon_core.package_identification:_identify(.) by extensions ['ros']
[1.452s] Level 1:colcon.colcon_core.package_identification:_identify(.) by extension 'ros'
[1.463s] Level 1:colcon.colcon_core.package_identification:_identify(.) by extensions ['cmake', 'python']
[1.463s] Level 1:colcon.colcon_core.package_identification:_identify(.) by extension 'cmake'
[1.463s] Level 1:colcon.colcon_core.package_identification:_identify(.) by extension 'python'
[1.463s] Level 1:colcon.colcon_core.package_identification:_identify(.) by extensions ['python_setup_py']
[1.463s] Level 1:colcon.colcon_core.package_identification:_identify(.) by extension 'python_setup_py'
[1.463s] Level 1:colcon.colcon_core.package_identification:_identify(ESP32) by extensions ['ignore', 'ignore_ament_install']
[1.463s] Level 1:colcon.colcon_core.package_identification:_identify(ESP32) by extension 'ignore'
[1.463s] Level 1:colcon.colcon_core.package_identification:_identify(ESP32) by extension 'ignore_ament_install'
[1.463s] Level 1:colcon.colcon_core.package_identification:_identify(ESP32) by extensions ['colcon_pkg']
[1.463s] Level 1:colcon.colcon_core.package_identification:_identify(ESP32) by extension 'colcon_pkg'
[1.463s] Level 1:colcon.colcon_core.package_identification:_identify(ESP32) by extensions ['colcon_meta']
[1.463s] Level 1:colcon.colcon_core.package_identification:_identify(ESP32) by extension 'colcon_meta'
[1.463s] Level 1:colcon.colcon_core.package_identification:_identify(ESP32) by extensions ['ros']
[1.463s] Level 1:colcon.colcon_core.package_identification:_identify(ESP32) by extension 'ros'
[1.463s] Level 1:colcon.colcon_core.package_identification:_identify(ESP32) by extensions ['cmake', 'python']
[1.463s] Level 1:colcon.colcon_core.package_identification:_identify(ESP32) by extension 'cmake'
[1.464s] Level 1:colcon.colcon_core.package_identification:_identify(ESP32) by extension 'python'
[1.464s] Level 1:colcon.colcon_core.package_identification:_identify(ESP32) by extensions ['python_setup_py']
[1.464s] Level 1:colcon.colcon_core.package_identification:_identify(ESP32) by extension 'python_setup_py'
[1.464s] Level 1:colcon.colcon_core.package_identification:_identify(ESP32/MiniRobo2) by extensions ['ignore', 'ignore_ament_install']
[1.464s] Level 1:colcon.colcon_core.package_identification:_identify(ESP32/MiniRobo2) by extension 'ignore'
[1.464s] Level 1:colcon.colcon_core.package_identification:_identify(ESP32/MiniRobo2) by extension 'ignore_ament_install'
[1.464s] Level 1:colcon.colcon_core.package_identification:_identify(ESP32/MiniRobo2) by extensions ['colcon_pkg']
[1.464s] Level 1:colcon.colcon_core.package_identification:_identify(ESP32/MiniRobo2) by extension 'colcon_pkg'
[1.464s] Level 1:colcon.colcon_core.package_identification:_identify(ESP32/MiniRobo2) by extensions ['colcon_meta']
[1.464s] Level 1:colcon.colcon_core.package_identification:_identify(ESP32/MiniRobo2) by extension 'colcon_meta'
[1.464s] Level 1:colcon.colcon_core.package_identification:_identify(ESP32/MiniRobo2) by extensions ['ros']
[1.464s] Level 1:colcon.colcon_core.package_identification:_identify(ESP32/MiniRobo2) by extension 'ros'
[1.464s] Level 1:colcon.colcon_core.package_identification:_identify(ESP32/MiniRobo2) by extensions ['cmake', 'python']
[1.464s] Level 1:colcon.colcon_core.package_identification:_identify(ESP32/MiniRobo2) by extension 'cmake'
[1.464s] Level 1:colcon.colcon_core.package_identification:_identify(ESP32/MiniRobo2) by extension 'python'
[1.464s] Level 1:colcon.colcon_core.package_identification:_identify(ESP32/MiniRobo2) by extensions ['python_setup_py']
[1.464s] Level 1:colcon.colcon_core.package_identification:_identify(ESP32/MiniRobo2) by extension 'python_setup_py'
[1.464s] Level 1:colcon.colcon_core.package_identification:_identify(build) by extensions ['ignore', 'ignore_ament_install']
[1.465s] Level 1:colcon.colcon_core.package_identification:_identify(build) by extension 'ignore'
[1.465s] Level 1:colcon.colcon_core.package_identification:_identify(build) ignored
[1.465s] Level 1:colcon.colcon_core.package_identification:_identify(get_sp_state) by extensions ['ignore', 'ignore_ament_install']
[1.465s] Level 1:colcon.colcon_core.package_identification:_identify(get_sp_state) by extension 'ignore'
[1.465s] Level 1:colcon.colcon_core.package_identification:_identify(get_sp_state) by extension 'ignore_ament_install'
[1.465s] Level 1:colcon.colcon_core.package_identification:_identify(get_sp_state) by extensions ['colcon_pkg']
[1.465s] Level 1:colcon.colcon_core.package_identification:_identify(get_sp_state) by extension 'colcon_pkg'
[1.465s] Level 1:colcon.colcon_core.package_identification:_identify(get_sp_state) by extensions ['colcon_meta']
[1.465s] Level 1:colcon.colcon_core.package_identification:_identify(get_sp_state) by extension 'colcon_meta'
[1.465s] Level 1:colcon.colcon_core.package_identification:_identify(get_sp_state) by extensions ['ros']
[1.465s] Level 1:colcon.colcon_core.package_identification:_identify(get_sp_state) by extension 'ros'
[1.465s] Level 1:colcon.colcon_core.package_identification:_identify(get_sp_state) by extensions ['cmake', 'python']
[1.465s] Level 1:colcon.colcon_core.package_identification:_identify(get_sp_state) by extension 'cmake'
[1.465s] Level 1:colcon.colcon_core.package_identification:_identify(get_sp_state) by extension 'python'
[1.465s] Level 1:colcon.colcon_core.package_identification:_identify(get_sp_state) by extensions ['python_setup_py']
[1.465s] Level 1:colcon.colcon_core.package_identification:_identify(get_sp_state) by extension 'python_setup_py'
[1.465s] Level 1:colcon.colcon_core.package_identification:_identify(get_sp_state/templates) by extensions ['ignore', 'ignore_ament_install']
[1.466s] Level 1:colcon.colcon_core.package_identification:_identify(get_sp_state/templates) by extension 'ignore'
[1.466s] Level 1:colcon.colcon_core.package_identification:_identify(get_sp_state/templates) by extension 'ignore_ament_install'
[1.466s] Level 1:colcon.colcon_core.package_identification:_identify(get_sp_state/templates) by extensions ['colcon_pkg']
[1.466s] Level 1:colcon.colcon_core.package_identification:_identify(get_sp_state/templates) by extension 'colcon_pkg'
[1.466s] Level 1:colcon.colcon_core.package_identification:_identify(get_sp_state/templates) by extensions ['colcon_meta']
[1.466s] Level 1:colcon.colcon_core.package_identification:_identify(get_sp_state/templates) by extension 'colcon_meta'
[1.466s] Level 1:colcon.colcon_core.package_identification:_identify(get_sp_state/templates) by extensions ['ros']
[1.466s] Level 1:colcon.colcon_core.package_identification:_identify(get_sp_state/templates) by extension 'ros'
[1.466s] Level 1:colcon.colcon_core.package_identification:_identify(get_sp_state/templates) by extensions ['cmake', 'python']
[1.466s] Level 1:colcon.colcon_core.package_identification:_identify(get_sp_state/templates) by extension 'cmake'
[1.466s] Level 1:colcon.colcon_core.package_identification:_identify(get_sp_state/templates) by extension 'python'
[1.466s] Level 1:colcon.colcon_core.package_identification:_identify(get_sp_state/templates) by extensions ['python_setup_py']
[1.466s] Level 1:colcon.colcon_core.package_identification:_identify(get_sp_state/templates) by extension 'python_setup_py'
[1.466s] Level 1:colcon.colcon_core.package_identification:_identify(install) by extensions ['ignore', 'ignore_ament_install']
[1.466s] Level 1:colcon.colcon_core.package_identification:_identify(install) by extension 'ignore'
[1.466s] Level 1:colcon.colcon_core.package_identification:_identify(install) ignored
[1.466s] Level 1:colcon.colcon_core.package_identification:_identify(launch) by extensions ['ignore', 'ignore_ament_install']
[1.466s] Level 1:colcon.colcon_core.package_identification:_identify(launch) by extension 'ignore'
[1.467s] Level 1:colcon.colcon_core.package_identification:_identify(launch) by extension 'ignore_ament_install'
[1.467s] Level 1:colcon.colcon_core.package_identification:_identify(launch) by extensions ['colcon_pkg']
[1.467s] Level 1:colcon.colcon_core.package_identification:_identify(launch) by extension 'colcon_pkg'
[1.467s] Level 1:colcon.colcon_core.package_identification:_identify(launch) by extensions ['colcon_meta']
[1.467s] Level 1:colcon.colcon_core.package_identification:_identify(launch) by extension 'colcon_meta'
[1.467s] Level 1:colcon.colcon_core.package_identification:_identify(launch) by extensions ['ros']
[1.467s] Level 1:colcon.colcon_core.package_identification:_identify(launch) by extension 'ros'
[1.467s] Level 1:colcon.colcon_core.package_identification:_identify(launch) by extensions ['cmake', 'python']
[1.467s] Level 1:colcon.colcon_core.package_identification:_identify(launch) by extension 'cmake'
[1.467s] Level 1:colcon.colcon_core.package_identification:_identify(launch) by extension 'python'
[1.467s] Level 1:colcon.colcon_core.package_identification:_identify(launch) by extensions ['python_setup_py']
[1.467s] Level 1:colcon.colcon_core.package_identification:_identify(launch) by extension 'python_setup_py'
[1.467s] Level 1:colcon.colcon_core.package_identification:_identify(launch/__pycache__) by extensions ['ignore', 'ignore_ament_install']
[1.467s] Level 1:colcon.colcon_core.package_identification:_identify(launch/__pycache__) by extension 'ignore'
[1.467s] Level 1:colcon.colcon_core.package_identification:_identify(launch/__pycache__) by extension 'ignore_ament_install'
[1.467s] Level 1:colcon.colcon_core.package_identification:_identify(launch/__pycache__) by extensions ['colcon_pkg']
[1.467s] Level 1:colcon.colcon_core.package_identification:_identify(launch/__pycache__) by extension 'colcon_pkg'
[1.468s] Level 1:colcon.colcon_core.package_identification:_identify(launch/__pycache__) by extensions ['colcon_meta']
[1.468s] Level 1:colcon.colcon_core.package_identification:_identify(launch/__pycache__) by extension 'colcon_meta'
[1.468s] Level 1:colcon.colcon_core.package_identification:_identify(launch/__pycache__) by extensions ['ros']
[1.468s] Level 1:colcon.colcon_core.package_identification:_identify(launch/__pycache__) by extension 'ros'
[1.468s] Level 1:colcon.colcon_core.package_identification:_identify(launch/__pycache__) by extensions ['cmake', 'python']
[1.468s] Level 1:colcon.colcon_core.package_identification:_identify(launch/__pycache__) by extension 'cmake'
[1.468s] Level 1:colcon.colcon_core.package_identification:_identify(launch/__pycache__) by extension 'python'
[1.468s] Level 1:colcon.colcon_core.package_identification:_identify(launch/__pycache__) by extensions ['python_setup_py']
[1.468s] Level 1:colcon.colcon_core.package_identification:_identify(launch/__pycache__) by extension 'python_setup_py'
[1.468s] Level 1:colcon.colcon_core.package_identification:_identify(log) by extensions ['ignore', 'ignore_ament_install']
[1.468s] Level 1:colcon.colcon_core.package_identification:_identify(log) by extension 'ignore'
[1.468s] Level 1:colcon.colcon_core.package_identification:_identify(log) ignored
[1.468s] Level 1:colcon.colcon_core.package_identification:_identify(src) by extensions ['ignore', 'ignore_ament_install']
[1.468s] Level 1:colcon.colcon_core.package_identification:_identify(src) by extension 'ignore'
[1.468s] Level 1:colcon.colcon_core.package_identification:_identify(src) by extension 'ignore_ament_install'
[1.469s] Level 1:colcon.colcon_core.package_identification:_identify(src) by extensions ['colcon_pkg']
[1.469s] Level 1:colcon.colcon_core.package_identification:_identify(src) by extension 'colcon_pkg'
[1.469s] Level 1:colcon.colcon_core.package_identification:_identify(src) by extensions ['colcon_meta']
[1.469s] Level 1:colcon.colcon_core.package_identification:_identify(src) by extension 'colcon_meta'
[1.469s] Level 1:colcon.colcon_core.package_identification:_identify(src) by extensions ['ros']
[1.469s] Level 1:colcon.colcon_core.package_identification:_identify(src) by extension 'ros'
[1.469s] Level 1:colcon.colcon_core.package_identification:_identify(src) by extensions ['cmake', 'python']
[1.469s] Level 1:colcon.colcon_core.package_identification:_identify(src) by extension 'cmake'
[1.469s] Level 1:colcon.colcon_core.package_identification:_identify(src) by extension 'python'
[1.469s] Level 1:colcon.colcon_core.package_identification:_identify(src) by extensions ['python_setup_py']
[1.469s] Level 1:colcon.colcon_core.package_identification:_identify(src) by extension 'python_setup_py'
[1.469s] Level 1:colcon.colcon_core.package_identification:_identify(src/minirobo2023_2_python) by extensions ['ignore', 'ignore_ament_install']
[1.469s] Level 1:colcon.colcon_core.package_identification:_identify(src/minirobo2023_2_python) by extension 'ignore'
[1.469s] Level 1:colcon.colcon_core.package_identification:_identify(src/minirobo2023_2_python) by extension 'ignore_ament_install'
[1.469s] Level 1:colcon.colcon_core.package_identification:_identify(src/minirobo2023_2_python) by extensions ['colcon_pkg']
[1.469s] Level 1:colcon.colcon_core.package_identification:_identify(src/minirobo2023_2_python) by extension 'colcon_pkg'
[1.469s] Level 1:colcon.colcon_core.package_identification:_identify(src/minirobo2023_2_python) by extensions ['colcon_meta']
[1.469s] Level 1:colcon.colcon_core.package_identification:_identify(src/minirobo2023_2_python) by extension 'colcon_meta'
[1.470s] Level 1:colcon.colcon_core.package_identification:_identify(src/minirobo2023_2_python) by extensions ['ros']
[1.470s] Level 1:colcon.colcon_core.package_identification:_identify(src/minirobo2023_2_python) by extension 'ros'
[1.472s] DEBUG:colcon.colcon_core.package_identification:Package 'src/minirobo2023_2_python' with type 'ros.ament_python' and name 'minirobo2023_2_python'
[1.472s] Level 1:colcon.colcon_core.package_discovery:discover_packages(recursive) using defaults
[1.472s] Level 1:colcon.colcon_core.package_discovery:discover_packages(ignore) discover
[1.472s] Level 1:colcon.colcon_core.package_discovery:discover_packages(ignore) using defaults
[1.472s] Level 1:colcon.colcon_core.package_discovery:discover_packages(path) discover
[1.472s] Level 1:colcon.colcon_core.package_discovery:discover_packages(path) using defaults
[1.596s] Level 1:colcon.colcon_core.package_discovery:discover_packages(prefix_path) check parameters
[1.596s] Level 1:colcon.colcon_core.package_discovery:discover_packages(prefix_path) discover
[1.648s] DEBUG:colcon.colcon_installed_package_information.package_discovery:Found 1 installed packages in /home/kaibuchisoma/minirobo2023_2/install
[1.669s] DEBUG:colcon.colcon_installed_package_information.package_discovery:Found 271 installed packages in /opt/ros/humble
[1.670s] Level 1:colcon.colcon_core.package_discovery:discover_packages(prefix_path) using defaults
[1.773s] Level 5:colcon.colcon_core.verb:set package 'minirobo2023_2_python' build argument 'cmake_args' from command line to 'None'
[1.773s] Level 5:colcon.colcon_core.verb:set package 'minirobo2023_2_python' build argument 'cmake_target' from command line to 'None'
[1.773s] Level 5:colcon.colcon_core.verb:set package 'minirobo2023_2_python' build argument 'cmake_target_skip_unavailable' from command line to 'False'
[1.773s] Level 5:colcon.colcon_core.verb:set package 'minirobo2023_2_python' build argument 'cmake_clean_cache' from command line to 'False'
[1.773s] Level 5:colcon.colcon_core.verb:set package 'minirobo2023_2_python' build argument 'cmake_clean_first' from command line to 'False'
[1.773s] Level 5:colcon.colcon_core.verb:set package 'minirobo2023_2_python' build argument 'cmake_force_configure' from command line to 'False'
[1.773s] Level 5:colcon.colcon_core.verb:set package 'minirobo2023_2_python' build argument 'ament_cmake_args' from command line to 'None'
[1.773s] Level 5:colcon.colcon_core.verb:set package 'minirobo2023_2_python' build argument 'catkin_cmake_args' from command line to 'None'
[1.773s] Level 5:colcon.colcon_core.verb:set package 'minirobo2023_2_python' build argument 'catkin_skip_building_tests' from command line to 'False'
[1.773s] DEBUG:colcon.colcon_core.verb:Building package 'minirobo2023_2_python' with the following arguments: {'ament_cmake_args': None, 'build_base': '/home/kaibuchisoma/minirobo2023_2/build/minirobo2023_2_python', 'catkin_cmake_args': None, 'catkin_skip_building_tests': False, 'cmake_args': None, 'cmake_clean_cache': False, 'cmake_clean_first': False, 'cmake_force_configure': False, 'cmake_target': None, 'cmake_target_skip_unavailable': False, 'install_base': '/home/kaibuchisoma/minirobo2023_2/install/minirobo2023_2_python', 'merge_install': False, 'path': '/home/kaibuchisoma/minirobo2023_2/src/minirobo2023_2_python', 'symlink_install': False, 'test_result_base': None}
[1.793s] INFO:colcon.colcon_core.executor:Executing jobs using 'parallel' executor
[1.815s] DEBUG:colcon.colcon_parallel_executor.executor.parallel:run_until_complete
[1.815s] INFO:colcon.colcon_ros.task.ament_python.build:Building ROS package in '/home/kaibuchisoma/minirobo2023_2/src/minirobo2023_2_python' with build type 'ament_python'
[1.815s] Level 1:colcon.colcon_core.shell:create_environment_hook('minirobo2023_2_python', 'ament_prefix_path')
[1.836s] INFO:colcon.colcon_core.plugin_system:Skipping extension 'colcon_core.shell.bat': Not used on non-Windows systems
[1.837s] INFO:colcon.colcon_core.shell:Creating environment hook '/home/kaibuchisoma/minirobo2023_2/install/minirobo2023_2_python/share/minirobo2023_2_python/hook/ament_prefix_path.ps1'
[1.837s] INFO:colcon.colcon_core.shell:Creating environment descriptor '/home/kaibuchisoma/minirobo2023_2/install/minirobo2023_2_python/share/minirobo2023_2_python/hook/ament_prefix_path.dsv'
[1.838s] INFO:colcon.colcon_core.shell:Creating environment hook '/home/kaibuchisoma/minirobo2023_2/install/minirobo2023_2_python/share/minirobo2023_2_python/hook/ament_prefix_path.sh'
[1.859s] INFO:colcon.colcon_core.shell:Skip shell extension 'powershell' for command environment: Not usable outside of PowerShell
[1.859s] DEBUG:colcon.colcon_core.shell:Skip shell extension 'dsv' for command environment
[2.212s] INFO:colcon.colcon_core.task.python.build:Building Python package in '/home/kaibuchisoma/minirobo2023_2/src/minirobo2023_2_python'
[2.232s] INFO:colcon.colcon_core.shell:Skip shell extension 'powershell' for command environment: Not usable outside of PowerShell
[2.232s] DEBUG:colcon.colcon_core.shell:Skip shell extension 'dsv' for command environment
[2.651s] DEBUG:colcon.colcon_core.event_handler.log_command:Invoking command in '/home/kaibuchisoma/minirobo2023_2/src/minirobo2023_2_python': PYTHONPATH=/home/kaibuchisoma/minirobo2023_2/build/minirobo2023_2_python/prefix_override:/home/kaibuchisoma/minirobo2023_2/install/minirobo2023_2_python/lib/python3.10/site-packages:${PYTHONPATH} /usr/bin/python3 setup.py egg_info --egg-base ../../build/minirobo2023_2_python build --build-base /home/kaibuchisoma/minirobo2023_2/build/minirobo2023_2_python/build install --record /home/kaibuchisoma/minirobo2023_2/build/minirobo2023_2_python/install.log --single-version-externally-managed
[2.968s] DEBUG:colcon.colcon_core.event_handler.log_command:Invoked command in '/home/kaibuchisoma/minirobo2023_2/src/minirobo2023_2_python' returned '0': PYTHONPATH=/home/kaibuchisoma/minirobo2023_2/build/minirobo2023_2_python/prefix_override:/home/kaibuchisoma/minirobo2023_2/install/minirobo2023_2_python/lib/python3.10/site-packages:${PYTHONPATH} /usr/bin/python3 setup.py egg_info --egg-base ../../build/minirobo2023_2_python build --build-base /home/kaibuchisoma/minirobo2023_2/build/minirobo2023_2_python/build install --record /home/kaibuchisoma/minirobo2023_2/build/minirobo2023_2_python/install.log --single-version-externally-managed
[2.988s] Level 1:colcon.colcon_core.environment:checking '/home/kaibuchisoma/minirobo2023_2/install/minirobo2023_2_python' for CMake module files
[2.988s] Level 1:colcon.colcon_core.environment:checking '/home/kaibuchisoma/minirobo2023_2/install/minirobo2023_2_python' for CMake config files
[2.989s] Level 1:colcon.colcon_core.environment:checking '/home/kaibuchisoma/minirobo2023_2/install/minirobo2023_2_python/lib'
[2.989s] Level 1:colcon.colcon_core.environment:checking '/home/kaibuchisoma/minirobo2023_2/install/minirobo2023_2_python/bin'
[2.989s] Level 1:colcon.colcon_core.environment:checking '/home/kaibuchisoma/minirobo2023_2/install/minirobo2023_2_python/lib/pkgconfig/minirobo2023_2_python.pc'
[2.989s] Level 1:colcon.colcon_core.environment:checking '/home/kaibuchisoma/minirobo2023_2/install/minirobo2023_2_python/lib/python3.10/site-packages'
[2.989s] Level 1:colcon.colcon_core.shell:create_environment_hook('minirobo2023_2_python', 'pythonpath')
[3.008s] INFO:colcon.colcon_core.shell:Creating environment hook '/home/kaibuchisoma/minirobo2023_2/install/minirobo2023_2_python/share/minirobo2023_2_python/hook/pythonpath.ps1'
[3.008s] INFO:colcon.colcon_core.shell:Creating environment descriptor '/home/kaibuchisoma/minirobo2023_2/install/minirobo2023_2_python/share/minirobo2023_2_python/hook/pythonpath.dsv'
[3.009s] INFO:colcon.colcon_core.shell:Creating environment hook '/home/kaibuchisoma/minirobo2023_2/install/minirobo2023_2_python/share/minirobo2023_2_python/hook/pythonpath.sh'
[3.009s] Level 1:colcon.colcon_core.environment:checking '/home/kaibuchisoma/minirobo2023_2/install/minirobo2023_2_python/bin'
[3.009s] Level 1:colcon.colcon_core.environment:create_environment_scripts_only(minirobo2023_2_python)
[3.028s] INFO:colcon.colcon_core.shell:Creating package script '/home/kaibuchisoma/minirobo2023_2/install/minirobo2023_2_python/share/minirobo2023_2_python/package.ps1'
[3.029s] INFO:colcon.colcon_core.shell:Creating package descriptor '/home/kaibuchisoma/minirobo2023_2/install/minirobo2023_2_python/share/minirobo2023_2_python/package.dsv'
[3.029s] INFO:colcon.colcon_core.shell:Creating package script '/home/kaibuchisoma/minirobo2023_2/install/minirobo2023_2_python/share/minirobo2023_2_python/package.sh'
[3.030s] INFO:colcon.colcon_core.shell:Creating package script '/home/kaibuchisoma/minirobo2023_2/install/minirobo2023_2_python/share/minirobo2023_2_python/package.bash'
[3.031s] INFO:colcon.colcon_core.shell:Creating package script '/home/kaibuchisoma/minirobo2023_2/install/minirobo2023_2_python/share/minirobo2023_2_python/package.zsh'
[3.031s] Level 1:colcon.colcon_core.environment:create_file_with_runtime_dependencies(/home/kaibuchisoma/minirobo2023_2/install/minirobo2023_2_python/share/colcon-core/packages/minirobo2023_2_python)
[3.031s] DEBUG:colcon.colcon_parallel_executor.executor.parallel:closing loop
[3.032s] DEBUG:colcon.colcon_parallel_executor.executor.parallel:loop closed
[3.032s] DEBUG:colcon.colcon_parallel_executor.executor.parallel:run_until_complete finished with '0'
[3.032s] DEBUG:colcon.colcon_core.event_reactor:joining thread
[3.061s] INFO:colcon.colcon_core.plugin_system:Skipping extension 'colcon_notification.desktop_notification.terminal_notifier': Not used on non-Darwin systems
[3.061s] INFO:colcon.colcon_core.plugin_system:Skipping extension 'colcon_notification.desktop_notification.win32': Not used on non-Windows systems
[3.062s] INFO:colcon.colcon_notification.desktop_notification:Sending desktop notification using 'notify2'
[3.075s] DEBUG:colcon.colcon_core.event_reactor:joined thread
[3.092s] INFO:colcon.colcon_core.shell:Creating prefix script '/home/kaibuchisoma/minirobo2023_2/install/local_setup.ps1'
[3.093s] INFO:colcon.colcon_core.shell:Creating prefix util module '/home/kaibuchisoma/minirobo2023_2/install/_local_setup_util_ps1.py'
[3.094s] INFO:colcon.colcon_core.shell:Creating prefix chain script '/home/kaibuchisoma/minirobo2023_2/install/setup.ps1'
[3.113s] INFO:colcon.colcon_core.shell:Creating prefix script '/home/kaibuchisoma/minirobo2023_2/install/local_setup.sh'
[3.114s] INFO:colcon.colcon_core.shell:Creating prefix util module '/home/kaibuchisoma/minirobo2023_2/install/_local_setup_util_sh.py'
[3.114s] INFO:colcon.colcon_core.shell:Creating prefix chain script '/home/kaibuchisoma/minirobo2023_2/install/setup.sh'
[3.133s] INFO:colcon.colcon_core.shell:Creating prefix script '/home/kaibuchisoma/minirobo2023_2/install/local_setup.bash'
[3.134s] INFO:colcon.colcon_core.shell:Creating prefix chain script '/home/kaibuchisoma/minirobo2023_2/install/setup.bash'
[3.153s] INFO:colcon.colcon_core.shell:Creating prefix script '/home/kaibuchisoma/minirobo2023_2/install/local_setup.zsh'
[3.153s] INFO:colcon.colcon_core.shell:Creating prefix chain script '/home/kaibuchisoma/minirobo2023_2/install/setup.zsh'
