[0.917s] Invoking command in '/home/kaibuchisoma/minirobo2023_2/src/minirobo2023_2_python': PYTHONPATH=/home/kaibuchisoma/minirobo2023_2/build/minirobo2023_2_python/prefix_override:/home/kaibuchisoma/minirobo2023_2/install/minirobo2023_2_python/lib/python3.10/site-packages:${PYTHONPATH} /usr/bin/python3 setup.py egg_info --egg-base ../../build/minirobo2023_2_python build --build-base /home/kaibuchisoma/minirobo2023_2/build/minirobo2023_2_python/build install --record /home/kaibuchisoma/minirobo2023_2/build/minirobo2023_2_python/install.log --single-version-externally-managed
[1.187s] running egg_info
[1.187s] writing ../../build/minirobo2023_2_python/minirobo2023_2_python.egg-info/PKG-INFO
[1.187s] writing dependency_links to ../../build/minirobo2023_2_python/minirobo2023_2_python.egg-info/dependency_links.txt
[1.188s] writing entry points to ../../build/minirobo2023_2_python/minirobo2023_2_python.egg-info/entry_points.txt
[1.188s] writing requirements to ../../build/minirobo2023_2_python/minirobo2023_2_python.egg-info/requires.txt
[1.188s] writing top-level names to ../../build/minirobo2023_2_python/minirobo2023_2_python.egg-info/top_level.txt
[1.189s] reading manifest file '../../build/minirobo2023_2_python/minirobo2023_2_python.egg-info/SOURCES.txt'
[1.190s] writing manifest file '../../build/minirobo2023_2_python/minirobo2023_2_python.egg-info/SOURCES.txt'
[1.190s] running build
[1.190s] running build_py
[1.190s] copying minirobo2023_2_python/communicate_ESP32.py -> /home/kaibuchisoma/minirobo2023_2/build/minirobo2023_2_python/build/lib/minirobo2023_2_python
[1.191s] running install
[1.191s] /usr/lib/python3/dist-packages/setuptools/command/install.py:34: SetuptoolsDeprecationWarning: setup.py install is deprecated. Use build and pip and other standards-based tools.
[1.191s]   warnings.warn(
[1.191s] running install_lib
[1.192s] copying /home/kaibuchisoma/minirobo2023_2/build/minirobo2023_2_python/build/lib/minirobo2023_2_python/communicate_ESP32.py -> /home/kaibuchisoma/minirobo2023_2/install/minirobo2023_2_python/lib/python3.10/site-packages/minirobo2023_2_python
[1.193s] byte-compiling /home/kaibuchisoma/minirobo2023_2/install/minirobo2023_2_python/lib/python3.10/site-packages/minirobo2023_2_python/communicate_ESP32.py to communicate_ESP32.cpython-310.pyc
[1.196s] running install_data
[1.196s] running install_egg_info
[1.198s] removing '/home/kaibuchisoma/minirobo2023_2/install/minirobo2023_2_python/lib/python3.10/site-packages/minirobo2023_2_python-0.0.0-py3.10.egg-info' (and everything under it)
[1.198s] Copying ../../build/minirobo2023_2_python/minirobo2023_2_python.egg-info to /home/kaibuchisoma/minirobo2023_2/install/minirobo2023_2_python/lib/python3.10/site-packages/minirobo2023_2_python-0.0.0-py3.10.egg-info
[1.200s] running install_scripts
[1.221s] Installing communicate_ESP32 script to /home/kaibuchisoma/minirobo2023_2/install/minirobo2023_2_python/lib/minirobo2023_2_python
[1.221s] Installing webserver script to /home/kaibuchisoma/minirobo2023_2/install/minirobo2023_2_python/lib/minirobo2023_2_python
[1.222s] writing list of installed files to '/home/kaibuchisoma/minirobo2023_2/build/minirobo2023_2_python/install.log'
[1.254s] Invoked command in '/home/kaibuchisoma/minirobo2023_2/src/minirobo2023_2_python' returned '0': PYTHONPATH=/home/kaibuchisoma/minirobo2023_2/build/minirobo2023_2_python/prefix_override:/home/kaibuchisoma/minirobo2023_2/install/minirobo2023_2_python/lib/python3.10/site-packages:${PYTHONPATH} /usr/bin/python3 setup.py egg_info --egg-base ../../build/minirobo2023_2_python build --build-base /home/kaibuchisoma/minirobo2023_2/build/minirobo2023_2_python/build install --record /home/kaibuchisoma/minirobo2023_2/build/minirobo2023_2_python/install.log --single-version-externally-managed
