[0.788s] Invoking command in '/home/kaibuchisoma/minirobo2023_2/src/minirobo2023_2_python': PYTHONPATH=/home/kaibuchisoma/minirobo2023_2/build/minirobo2023_2_python/prefix_override:/home/kaibuchisoma/minirobo2023_2/install/minirobo2023_2_python/lib/python3.10/site-packages:${PYTHONPATH} /usr/bin/python3 setup.py egg_info --egg-base ../../build/minirobo2023_2_python build --build-base /home/kaibuchisoma/minirobo2023_2/build/minirobo2023_2_python/build install --record /home/kaibuchisoma/minirobo2023_2/build/minirobo2023_2_python/install.log --single-version-externally-managed
[1.058s] running egg_info
[1.059s] writing ../../build/minirobo2023_2_python/minirobo2023_2_python.egg-info/PKG-INFO
[1.059s] writing dependency_links to ../../build/minirobo2023_2_python/minirobo2023_2_python.egg-info/dependency_links.txt
[1.059s] writing entry points to ../../build/minirobo2023_2_python/minirobo2023_2_python.egg-info/entry_points.txt
[1.059s] writing requirements to ../../build/minirobo2023_2_python/minirobo2023_2_python.egg-info/requires.txt
[1.059s] writing top-level names to ../../build/minirobo2023_2_python/minirobo2023_2_python.egg-info/top_level.txt
[1.061s] reading manifest file '../../build/minirobo2023_2_python/minirobo2023_2_python.egg-info/SOURCES.txt'
[1.062s] writing manifest file '../../build/minirobo2023_2_python/minirobo2023_2_python.egg-info/SOURCES.txt'
[1.062s] running build
[1.062s] running build_py
[1.062s] copying minirobo2023_2_python/communicate_ESP32.py -> /home/kaibuchisoma/minirobo2023_2/build/minirobo2023_2_python/build/lib/minirobo2023_2_python
[1.062s] running install
[1.063s] /usr/lib/python3/dist-packages/setuptools/command/install.py:34: SetuptoolsDeprecationWarning: setup.py install is deprecated. Use build and pip and other standards-based tools.
[1.063s]   warnings.warn(
[1.063s] running install_lib
[1.063s] copying /home/kaibuchisoma/minirobo2023_2/build/minirobo2023_2_python/build/lib/minirobo2023_2_python/communicate_ESP32.py -> /home/kaibuchisoma/minirobo2023_2/install/minirobo2023_2_python/lib/python3.10/site-packages/minirobo2023_2_python
[1.064s] byte-compiling /home/kaibuchisoma/minirobo2023_2/install/minirobo2023_2_python/lib/python3.10/site-packages/minirobo2023_2_python/communicate_ESP32.py to communicate_ESP32.cpython-310.pyc
[1.067s] running install_data
[1.068s] running install_egg_info
[1.069s] removing '/home/kaibuchisoma/minirobo2023_2/install/minirobo2023_2_python/lib/python3.10/site-packages/minirobo2023_2_python-0.0.0-py3.10.egg-info' (and everything under it)
[1.070s] Copying ../../build/minirobo2023_2_python/minirobo2023_2_python.egg-info to /home/kaibuchisoma/minirobo2023_2/install/minirobo2023_2_python/lib/python3.10/site-packages/minirobo2023_2_python-0.0.0-py3.10.egg-info
[1.071s] running install_scripts
[1.089s] Installing communicate_ESP32 script to /home/kaibuchisoma/minirobo2023_2/install/minirobo2023_2_python/lib/minirobo2023_2_python
[1.090s] Installing webserver script to /home/kaibuchisoma/minirobo2023_2/install/minirobo2023_2_python/lib/minirobo2023_2_python
[1.090s] writing list of installed files to '/home/kaibuchisoma/minirobo2023_2/build/minirobo2023_2_python/install.log'
[1.112s] Invoked command in '/home/kaibuchisoma/minirobo2023_2/src/minirobo2023_2_python' returned '0': PYTHONPATH=/home/kaibuchisoma/minirobo2023_2/build/minirobo2023_2_python/prefix_override:/home/kaibuchisoma/minirobo2023_2/install/minirobo2023_2_python/lib/python3.10/site-packages:${PYTHONPATH} /usr/bin/python3 setup.py egg_info --egg-base ../../build/minirobo2023_2_python build --build-base /home/kaibuchisoma/minirobo2023_2/build/minirobo2023_2_python/build install --record /home/kaibuchisoma/minirobo2023_2/build/minirobo2023_2_python/install.log --single-version-externally-managed
