running egg_info
writing ../../build/minirobo2023_2_python/minirobo2023_2_python.egg-info/PKG-INFO
writing dependency_links to ../../build/minirobo2023_2_python/minirobo2023_2_python.egg-info/dependency_links.txt
writing entry points to ../../build/minirobo2023_2_python/minirobo2023_2_python.egg-info/entry_points.txt
writing requirements to ../../build/minirobo2023_2_python/minirobo2023_2_python.egg-info/requires.txt
writing top-level names to ../../build/minirobo2023_2_python/minirobo2023_2_python.egg-info/top_level.txt
reading manifest file '../../build/minirobo2023_2_python/minirobo2023_2_python.egg-info/SOURCES.txt'
writing manifest file '../../build/minirobo2023_2_python/minirobo2023_2_python.egg-info/SOURCES.txt'
running build
running build_py
running install
running install_lib
running install_data
running install_egg_info
removing '/home/kaibuchisoma/minirobo2023_2/install/minirobo2023_2_python/lib/python3.10/site-packages/minirobo2023_2_python-0.0.0-py3.10.egg-info' (and everything under it)
Copying ../../build/minirobo2023_2_python/minirobo2023_2_python.egg-info to /home/kaibuchisoma/minirobo2023_2/install/minirobo2023_2_python/lib/python3.10/site-packages/minirobo2023_2_python-0.0.0-py3.10.egg-info
running install_scripts
Installing communicate_ESP32 script to /home/kaibuchisoma/minirobo2023_2/install/minirobo2023_2_python/lib/minirobo2023_2_python
Installing webserver script to /home/kaibuchisoma/minirobo2023_2/install/minirobo2023_2_python/lib/minirobo2023_2_python
writing list of installed files to '/home/kaibuchisoma/minirobo2023_2/build/minirobo2023_2_python/install.log'
